Copyright 1986-2022 Xilinx, Inc. All Rights Reserved.
------------------------------------------------------------------------------------
| Tool Version : Vivado v.2022.1 (win64) Build 3526262 Mon Apr 18 15:48:16 MDT 2022
| Date         : Wed Nov 23 10:14:59 2022
| Host         : DESKTOP-1IE6CUJ running 64-bit major release  (build 9200)
| Command      : report_control_sets -verbose -file top_control_sets_placed.rpt
| Design       : top
| Device       : xc7a100t
------------------------------------------------------------------------------------

Control Set Information

Table of Contents
-----------------
1. Summary
2. Histogram
3. Flip-Flop Distribution
4. Detailed Control Set Information

1. Summary
----------

+----------------------------------------------------------+-------+
|                          Status                          | Count |
+----------------------------------------------------------+-------+
| Total control sets                                       |     3 |
|    Minimum number of control sets                        |     3 |
|    Addition due to synthesis replication                 |     0 |
|    Addition due to physical synthesis replication        |     0 |
| Unused register locations in slices containing registers |     4 |
+----------------------------------------------------------+-------+
* Control sets can be merged at opt_design using control_set_merge or merge_equivalent_drivers
** Run report_qor_suggestions for automated merging and remapping suggestions


2. Histogram
------------

+--------------------+-------+
|       Fanout       | Count |
+--------------------+-------+
| Total control sets |     3 |
| >= 0 to < 4        |     0 |
| >= 4 to < 6        |     1 |
| >= 6 to < 8        |     0 |
| >= 8 to < 10       |     2 |
| >= 10 to < 12      |     0 |
| >= 12 to < 14      |     0 |
| >= 14 to < 16      |     0 |
| >= 16              |     0 |
+--------------------+-------+
* Control sets can be remapped at either synth_design or opt_design


3. Flip-Flop Distribution
-------------------------

+--------------+-----------------------+------------------------+-----------------+--------------+
| Clock Enable | Synchronous Set/Reset | Asynchronous Set/Reset | Total Registers | Total Slices |
+--------------+-----------------------+------------------------+-----------------+--------------+
| No           | No                    | No                     |               4 |            3 |
| No           | No                    | Yes                    |               0 |            0 |
| No           | Yes                   | No                     |               8 |            3 |
| Yes          | No                    | No                     |               0 |            0 |
| Yes          | No                    | Yes                    |               0 |            0 |
| Yes          | Yes                   | No                     |               8 |            1 |
+--------------+-----------------------+------------------------+-----------------+--------------+


4. Detailed Control Set Information
-----------------------------------

+----------------+---------------+---------------------+------------------+----------------+--------------+
|  Clock Signal  | Enable Signal |   Set/Reset Signal  | Slice Load Count | Bel Load Count | Bels / Slice |
+----------------+---------------+---------------------+------------------+----------------+--------------+
|  clk_IBUF_BUFG |               |                     |                3 |              5 |         1.67 |
|  clk_IBUF_BUFG |               | i3/clear            |                3 |              8 |         2.67 |
|  clk_IBUF_BUFG | i1/E[0]       | i2/count[7]_i_1_n_0 |                1 |              8 |         8.00 |
+----------------+---------------+---------------------+------------------+----------------+--------------+


