Copyright 1986-2022 Xilinx, Inc. All Rights Reserved.
-------------------------------------------------------------------------------------------------------------------------------
| Tool Version     : Vivado v.2022.1 (win64) Build 3526262 Mon Apr 18 15:48:16 MDT 2022
| Date             : Thu Dec 22 13:23:51 2022
| Host             : LAPTOP-B7P6UCK1 running 64-bit major release  (build 9200)
| Command          : report_power -file top_power_routed.rpt -pb top_power_summary_routed.pb -rpx top_power_routed.rpx
| Design           : top
| Device           : xc7a100tcsg324-1
| Design State     : routed
| Grade            : commercial
| Process          : typical
| Characterization : Production
-------------------------------------------------------------------------------------------------------------------------------

Power Report

Table of Contents
-----------------
1. Summary
1.1 On-Chip Components
1.2 Power Supply Summary
1.3 Confidence Level
2. Settings
2.1 Environment
2.2 Clock Constraints
3. Detailed Reports
3.1 By Hierarchy

1. Summary
----------

+--------------------------+----------------------------------+
| Total On-Chip Power (W)  | 15.866 (Junction temp exceeded!) |
| Design Power Budget (W)  | Unspecified*                     |
| Power Budget Margin (W)  | NA                               |
| Dynamic (W)              | 15.488                           |
| Device Static (W)        | 0.378                            |
| Effective TJA (C/W)      | 4.6                              |
| Max Ambient (C)          | 12.6                             |
| Junction Temperature (C) | 97.4                             |
| Confidence Level         | Low                              |
| Setting File             | ---                              |
| Simulation Activity File | ---                              |
| Design Nets Matched      | NA                               |
+--------------------------+----------------------------------+
* Specify Design Power Budget using, set_operating_conditions -design_power_budget <value in Watts>


1.1 On-Chip Components
----------------------

+-------------------------+-----------+----------+-----------+-----------------+
| On-Chip                 | Power (W) | Used     | Available | Utilization (%) |
+-------------------------+-----------+----------+-----------+-----------------+
| Slice Logic             |     6.778 |     1791 |       --- |             --- |
|   LUT as Logic          |     6.081 |      795 |     63400 |            1.25 |
|   CARRY4                |     0.494 |      177 |     15850 |            1.12 |
|   Register              |     0.190 |      599 |    126800 |            0.47 |
|   LUT as Shift Register |     0.006 |       12 |     19000 |            0.06 |
|   BUFG                  |     0.006 |        1 |        32 |            3.13 |
|   F7/F8 Muxes           |     0.001 |        1 |     63400 |           <0.01 |
|   Others                |     0.000 |       84 |       --- |             --- |
| Signals                 |     5.604 |     1319 |       --- |             --- |
| I/O                     |     3.106 |       17 |       210 |            8.10 |
| Static Power            |     0.378 |          |           |                 |
| Total                   |    15.866 |          |           |                 |
+-------------------------+-----------+----------+-----------+-----------------+


1.2 Power Supply Summary
------------------------

+-----------+-------------+-----------+-------------+------------+-------------+-------------+------------+
| Source    | Voltage (V) | Total (A) | Dynamic (A) | Static (A) | Powerup (A) | Budget (A)  | Margin (A) |
+-----------+-------------+-----------+-------------+------------+-------------+-------------+------------+
| Vccint    |       1.000 |    12.658 |      12.422 |      0.237 |       NA    | Unspecified | NA         |
| Vccaux    |       1.800 |     0.160 |       0.112 |      0.047 |       NA    | Unspecified | NA         |
| Vcco33    |       3.300 |     0.872 |       0.868 |      0.004 |       NA    | Unspecified | NA         |
| Vcco25    |       2.500 |     0.000 |       0.000 |      0.000 |       NA    | Unspecified | NA         |
| Vcco18    |       1.800 |     0.000 |       0.000 |      0.000 |       NA    | Unspecified | NA         |
| Vcco15    |       1.500 |     0.000 |       0.000 |      0.000 |       NA    | Unspecified | NA         |
| Vcco135   |       1.350 |     0.000 |       0.000 |      0.000 |       NA    | Unspecified | NA         |
| Vcco12    |       1.200 |     0.000 |       0.000 |      0.000 |       NA    | Unspecified | NA         |
| Vccaux_io |       1.800 |     0.000 |       0.000 |      0.000 |       NA    | Unspecified | NA         |
| Vccbram   |       1.000 |     0.007 |       0.000 |      0.007 |       NA    | Unspecified | NA         |
| MGTAVcc   |       1.000 |     0.000 |       0.000 |      0.000 |       NA    | Unspecified | NA         |
| MGTAVtt   |       1.200 |     0.000 |       0.000 |      0.000 |       NA    | Unspecified | NA         |
| Vccadc    |       1.800 |     0.020 |       0.000 |      0.020 |       NA    | Unspecified | NA         |
+-----------+-------------+-----------+-------------+------------+-------------+-------------+------------+


1.3 Confidence Level
--------------------

+-----------------------------+------------+--------------------------------------------------------+--------------------------------------------------------------------------------------------------------------------+
| User Input Data             | Confidence | Details                                                | Action                                                                                                             |
+-----------------------------+------------+--------------------------------------------------------+--------------------------------------------------------------------------------------------------------------------+
| Design implementation state | High       | Design is routed                                       |                                                                                                                    |
| Clock nodes activity        | Low        | User specified less than 75% of clocks                 | Provide missing clock activity with a constraint file, simulation results or by editing the "By Clock Domain" view |
| I/O nodes activity          | Low        | More than 75% of inputs are missing user specification | Provide missing input activity with simulation results or by editing the "By Resource Type -> I/Os" view           |
| Internal nodes activity     | Medium     | User specified less than 25% of internal nodes         | Provide missing internal nodes activity with simulation results or by editing the "By Resource Type" views         |
| Device models               | High       | Device models are Production                           |                                                                                                                    |
|                             |            |                                                        |                                                                                                                    |
| Overall confidence level    | Low        |                                                        |                                                                                                                    |
+-----------------------------+------------+--------------------------------------------------------+--------------------------------------------------------------------------------------------------------------------+


2. Settings
-----------

2.1 Environment
---------------

+-----------------------+--------------------------+
| Ambient Temp (C)      | 25.0                     |
| ThetaJA (C/W)         | 4.6                      |
| Airflow (LFM)         | 250                      |
| Heat Sink             | medium (Medium Profile)  |
| ThetaSA (C/W)         | 4.6                      |
| Board Selection       | medium (10"x10")         |
| # of Board Layers     | 12to15 (12 to 15 Layers) |
| Board Temperature (C) | 25.0                     |
+-----------------------+--------------------------+


2.2 Clock Constraints
---------------------

+-------+--------+-----------------+
| Clock | Domain | Constraint (ns) |
+-------+--------+-----------------+


3. Detailed Reports
-------------------

3.1 By Hierarchy
----------------

+------------------------+-----------+
| Name                   | Power (W) |
+------------------------+-----------+
| top                    |    15.488 |
|   HSV_MODE             |     3.636 |
|     Hue                |     1.853 |
|       boton0_debouncer |     0.082 |
|       boton0_synchrnzr |     0.007 |
|       boton1_debouncer |     0.078 |
|       boton1_synchrnzr |     0.003 |
|       ctr              |     1.683 |
|     Saturation         |     0.671 |
|       boton0_debouncer |     0.073 |
|       boton0_synchrnzr |     0.011 |
|       boton1_debouncer |     0.062 |
|       boton1_synchrnzr |     0.003 |
|       ctr              |     0.522 |
|     Value              |     1.112 |
|       boton0_debouncer |     0.068 |
|       boton0_synchrnzr |     0.002 |
|       boton1_debouncer |     0.079 |
|       boton1_synchrnzr |     0.003 |
|       ctr              |     0.961 |
|   HSV_TO_RGB           |     5.743 |
|   PARTY_MODE           |     0.491 |
|   PWM_B                |     0.126 |
|   PWM_B_COMPLEMENTARY  |     0.157 |
|   PWM_G                |     0.153 |
|   PWM_G_COMPLEMENTARY  |     0.166 |
|   PWM_R                |     0.152 |
|   PWM_R_COMPLEMENTARY  |     0.131 |
|   RGB_MODE             |     1.435 |
|     Blue               |     0.492 |
|       boton0_debouncer |     0.073 |
|       boton0_synchrnzr |     0.002 |
|       boton1_debouncer |     0.074 |
|       boton1_synchrnzr |     0.003 |
|       ctr              |     0.341 |
|     Green              |     0.496 |
|       boton0_debouncer |     0.082 |
|       boton0_synchrnzr |     0.002 |
|       boton1_debouncer |     0.082 |
|       boton1_synchrnzr |     0.004 |
|       ctr              |     0.325 |
|     Red                |     0.446 |
|       boton0_debouncer |     0.069 |
|       boton0_synchrnzr |     0.002 |
|       boton1_debouncer |     0.070 |
|       boton1_synchrnzr |     0.003 |
|       ctr              |     0.301 |
+------------------------+-----------+


